# JRE version: 7.0_25-b17
# Java VM: Java HotSpot(TM) 64-Bit Server VM (23.25-b01 mixed mode windows-amd64 compressed oops)
Heap
 PSYoungGen      total 70400K, used 61315K [0x00000000eaab0000, 0x00000000f3430000, 0x0000000100000000)
  eden space 65024K, 86% used [0x00000000eaab0000,0x00000000ee156b78,0x00000000eea30000)
  from space 5376K, 99% used [0x00000000eea30000,0x00000000eef6a308,0x00000000eef70000)
  to   space 5376K, 0% used [0x00000000f2ef0000,0x00000000f2ef0000,0x00000000f3430000)
 ParOldGen       total 86592K, used 15393K [0x00000000c0000000, 0x00000000c5490000, 0x00000000eaab0000)
  object space 86592K, 17% used [0x00000000c0000000,0x00000000c0f08700,0x00000000c5490000)
 PSPermGen       total 21248K, used 6194K [0x00000000bae00000, 0x00000000bc2c0000, 0x00000000c0000000)
  object space 21248K, 29% used [0x00000000bae00000,0x00000000bb40c988,0x00000000bc2c0000)
GC Heap History (6 events):
Event: 1.226 GC heap before
{Heap before GC invocations=1 (full 0):
 PSYoungGen      total 37888K, used 32512K [0x00000000eaab0000, 0x00000000ed4f0000, 0x0000000100000000)
  eden space 32512K, 100% used [0x00000000eaab0000,0x00000000eca70000,0x00000000eca70000)
  from space 5376K, 0% used [0x00000000ecfb0000,0x00000000ecfb0000,0x00000000ed4f0000)
  to   space 5376K, 0% used [0x00000000eca70000,0x00000000eca70000,0x00000000ecfb0000)
 ParOldGen       total 86592K, used 0K [0x00000000c0000000, 0x00000000c5490000, 0x00000000eaab0000)
  object space 86592K, 0% used [0x00000000c0000000,0x00000000c0000000,0x00000000c5490000)
 PSPermGen       total 21248K, used 5984K [0x00000000bae00000, 0x00000000bc2c0000, 0x00000000c0000000)
  object space 21248K, 28% used [0x00000000bae00000,0x00000000bb3d8320,0x00000000bc2c0000)
Event: 1.591 GC heap after
Heap after GC invocations=1 (full 0):
 PSYoungGen      total 37888K, used 5372K [0x00000000eaab0000, 0x00000000ef4b0000, 0x0000000100000000)
  eden space 32512K, 0% used [0x00000000eaab0000,0x00000000eaab0000,0x00000000eca70000)
  from space 5376K, 99% used [0x00000000eca70000,0x00000000ecfaf090,0x00000000ecfb0000)
  to   space 5376K, 0% used [0x00000000eef70000,0x00000000eef70000,0x00000000ef4b0000)
 ParOldGen       total 86592K, used 1444K [0x00000000c0000000, 0x00000000c5490000, 0x00000000eaab0000)
  object space 86592K, 1% used [0x00000000c0000000,0x00000000c01692b8,0x00000000c5490000)
 PSPermGen       total 21248K, used 5984K [0x00000000bae00000, 0x00000000bc2c0000, 0x00000000c0000000)
  object space 21248K, 28% used [0x00000000bae00000,0x00000000bb3d8320,0x00000000bc2c0000)
}
Event: 2.007 GC heap before
{Heap before GC invocations=2 (full 0):
 PSYoungGen      total 37888K, used 37884K [0x00000000eaab0000, 0x00000000ef4b0000, 0x0000000100000000)
  eden space 32512K, 100% used [0x00000000eaab0000,0x00000000eca70000,0x00000000eca70000)
  from space 5376K, 99% used [0x00000000eca70000,0x00000000ecfaf090,0x00000000ecfb0000)
  to   space 5376K, 0% used [0x00000000eef70000,0x00000000eef70000,0x00000000ef4b0000)
 ParOldGen       total 86592K, used 1444K [0x00000000c0000000, 0x00000000c5490000, 0x00000000eaab0000)
  object space 86592K, 1% used [0x00000000c0000000,0x00000000c01692b8,0x00000000c5490000)
 PSPermGen       total 21248K, used 6052K [0x00000000bae00000, 0x00000000bc2c0000, 0x00000000c0000000)
  object space 21248K, 28% used [0x00000000bae00000,0x00000000bb3e92b0,0x00000000bc2c0000)
Event: 2.081 GC heap after
Heap after GC invocations=2 (full 0):
 PSYoungGen      total 70400K, used 5361K [0x00000000eaab0000, 0x00000000ef4b0000, 0x0000000100000000)
  eden space 65024K, 0% used [0x00000000eaab0000,0x00000000eaab0000,0x00000000eea30000)
  from space 5376K, 99% used [0x00000000eef70000,0x00000000ef4ac540,0x00000000ef4b0000)
  to   space 5376K, 0% used [0x00000000eea30000,0x00000000eea30000,0x00000000eef70000)
 ParOldGen       total 86592K, used 5883K [0x00000000c0000000, 0x00000000c5490000, 0x00000000eaab0000)
  object space 86592K, 6% used [0x00000000c0000000,0x00000000c05bef90,0x00000000c5490000)
 PSPermGen       total 21248K, used 6052K [0x00000000bae00000, 0x00000000bc2c0000, 0x00000000c0000000)
  object space 21248K, 28% used [0x00000000bae00000,0x00000000bb3e92b0,0x00000000bc2c0000)
}
Event: 2.934 GC heap before
{Heap before GC invocations=3 (full 0):
 PSYoungGen      total 70400K, used 70385K [0x00000000eaab0000, 0x00000000ef4b0000, 0x0000000100000000)
  eden space 65024K, 100% used [0x00000000eaab0000,0x00000000eea30000,0x00000000eea30000)
  from space 5376K, 99% used [0x00000000eef70000,0x00000000ef4ac540,0x00000000ef4b0000)
  to   space 5376K, 0% used [0x00000000eea30000,0x00000000eea30000,0x00000000eef70000)
 ParOldGen       total 86592K, used 5883K [0x00000000c0000000, 0x00000000c5490000, 0x00000000eaab0000)
  object space 86592K, 6% used [0x00000000c0000000,0x00000000c05bef90,0x00000000c5490000)
 PSPermGen       total 21248K, used 6112K [0x00000000bae00000, 0x00000000bc2c0000, 0x00000000c0000000)
  object space 21248K, 28% used [0x00000000bae00000,0x00000000bb3f81f0,0x00000000bc2c0000)
Event: 2.981 GC heap after
Heap after GC invocations=3 (full 0):
 PSYoungGen      total 70400K, used 5352K [0x00000000eaab0000, 0x00000000f3430000, 0x0000000100000000)
  eden space 65024K, 0% used [0x00000000eaab0000,0x00000000eaab0000,0x00000000eea30000)
  from space 5376K, 99% used [0x00000000eea30000,0x00000000eef6a308,0x00000000eef70000)
  to   space 5376K, 0% used [0x00000000f2ef0000,0x00000000f2ef0000,0x00000000f3430000)
 ParOldGen       total 86592K, used 15393K [0x00000000c0000000, 0x00000000c5490000, 0x00000000eaab0000)
  object space 86592K, 17% used [0x00000000c0000000,0x00000000c0f08700,0x00000000c5490000)
 PSPermGen       total 21248K, used 6112K [0x00000000bae00000, 0x00000000bc2c0000, 0x00000000c0000000)
  object space 21248K, 28% used [0x00000000bae00000,0x00000000bb3f81f0,0x00000000bc2c0000)
}

